U:\CLASSDEEPER\CLASSDEEPER\CLASSDEEPER\RELEASE\TIME.OBJ
U:\CLASSDEEPER\CLASSDEEPER\CLASSDEEPER\RELEASE\FIG09_03.OBJ
U:\CLASSDEEPER\CLASSDEEPER\CLASSDEEPER\RELEASE\TIME1.OBJ
U:\CLASSDEEPER\CLASSDEEPER\CLASSDEEPER\RELEASE\FIG9_6.OBJ
U:\CLASSDEEPER\CLASSDEEPER\CLASSDEEPER\RELEASE\FIG09_06.OBJ
U:\CLASSDEEPER\CLASSDEEPER\CLASSDEEPER\RELEASE\INITIME.OBJ
U:\CLASSDEEPER\CLASSDEEPER\CLASSDEEPER\RELEASE\VC100.PDB
U:\CLASSDEEPER\CLASSDEEPER\CLASSDEEPER\RELEASE\CONSTOVERLOAD.OBJ
U:\CLASSDEEPER\CLASSDEEPER\CLASSDEEPER\RELEASE\FIG09_09.OBJ
U:\CLASSDEEPER\CLASSDEEPER\CLASSDEEPER\RELEASE\CREATEANDDESTROY.OBJ
U:\CLASSDEEPER\CLASSDEEPER\CLASSDEEPER\RELEASE\ARRAYOBJ.OBJ
U:\CLASSDEEPER\CLASSDEEPER\CLASSDEEPER\RELEASE\MEMBERASSIGN.OBJ
U:\CLASSDEEPER\CLASSDEEPER\CLASSDEEPER\RELEASE\DATE.OBJ
U:\CLASSDEEPER\CLASSDEEPER\CLASSDEEPER\RELEASE\FRIEND.OBJ
U:\CLASSDEEPER\CLASSDEEPER\CLASSDEEPER\RELEASE\CONSTOBJ.OBJ
U:\CLASSDEEPER\CLASSDEEPER\CLASSDEEPER\RELEASE\COMPOS.OBJ
U:\CLASSDEEPER\CLASSDEEPER\CLASSDEEPER\RELEASE\EMPLOYEE.OBJ
U:\CLASSDEEPERF14\CLASSDEEPER\CLASSDEEPER\RELEASE\TIME.OBJ
U:\CLASSDEEPERF14\CLASSDEEPER\CLASSDEEPER\RELEASE\ARRAYOBJ.OBJ
U:\CLASSDEEPERF14\CLASSDEEPER\CLASSDEEPER\RELEASE\INITIME.OBJ
U:\CLASSDEEPERF14\CLASSDEEPER\CLASSDEEPER\RELEASE\MEMBERASSIGN.OBJ
U:\CLASSDEEPERF14\CLASSDEEPER\CLASSDEEPER\RELEASE\FUNCDEFAULTARG.OBJ
U:\CLASSDEEPERF14\CLASSDEEPER\CLASSDEEPER\RELEASE\FRIEND.OBJ
U:\CLASSDEEPERF14\CLASSDEEPER\CLASSDEEPER\RELEASE\COMPOS.OBJ
U:\CLASSDEEPERF14\CLASSDEEPER\CLASSDEEPER\RELEASE\CONSTOBJ.OBJ
U:\CLASSDEEPERF14\CLASSDEEPER\CLASSDEEPER\RELEASE\FIG09_09.OBJ
U:\CLASSDEEPERF14\CLASSDEEPER\CLASSDEEPER\RELEASE\FIG09_06.OBJ
U:\CLASSDEEPERF14\CLASSDEEPER\CLASSDEEPER\RELEASE\FIG09_03.OBJ
U:\CLASSDEEPERF14\CLASSDEEPER\CLASSDEEPER\RELEASE\EMPLOYEE.OBJ
U:\CLASSDEEPERF14\CLASSDEEPER\CLASSDEEPER\RELEASE\DATE.OBJ
U:\CLASSDEEPERF14\CLASSDEEPER\CLASSDEEPER\RELEASE\CREATEANDDESTROY.OBJ
U:\CLASSDEEPERF14\CLASSDEEPER\CLASSDEEPER\RELEASE\CONSTOVERLOAD.OBJ
U:\CLASSDEEPERF14\CLASSDEEPER\CLASSDEEPER\RELEASE\VC100.PDB
U:\CLASSDEEPER\CLASSDEEPER\RELEASE\CLASSDEEPER.EXE
U:\CLASSDEEPER\CLASSDEEPER\CLASSDEEPER\RELEASE\CLASSDEEPER.EXE.INTERMEDIATE.MANIFEST
U:\CLASSDEEPER\CLASSDEEPER\RELEASE\CLASSDEEPER.PDB
U:\CLASSDEEPERF14\CLASSDEEPER\RELEASE\CLASSDEEPER.EXE
U:\CLASSDEEPERF14\CLASSDEEPER\CLASSDEEPER\RELEASE\CLASSDEEPER.EXE.INTERMEDIATE.MANIFEST
U:\CLASSDEEPERF14\CLASSDEEPER\RELEASE\CLASSDEEPER.PDB
U:\classDeeperCh9_Sp15\classDeeper\classDeeper\Release\classDeeper.vcxprojResolveAssemblyReference.cache
U:\classDeeperCh9_Sp15\classDeeper\classDeeper\Release\arrayObj.obj
U:\classDeeperCh9_Sp15\classDeeper\classDeeper\Release\compos.obj
U:\classDeeperCh9_Sp15\classDeeper\classDeeper\Release\constObj.obj
U:\classDeeperCh9_Sp15\classDeeper\classDeeper\Release\constOverload.obj
U:\classDeeperCh9_Sp15\classDeeper\classDeeper\Release\CreateAndDestroy.obj
U:\classDeeperCh9_Sp15\classDeeper\classDeeper\Release\Date.obj
U:\classDeeperCh9_Sp15\classDeeper\classDeeper\Release\Employee.obj
U:\classDeeperCh9_Sp15\classDeeper\classDeeper\Release\fig09_03.obj
U:\classDeeperCh9_Sp15\classDeeper\classDeeper\Release\fig09_06.obj
U:\classDeeperCh9_Sp15\classDeeper\classDeeper\Release\fig09_09.obj
U:\classDeeperCh9_Sp15\classDeeper\classDeeper\Release\fig9_6.obj
U:\classDeeperCh9_Sp15\classDeeper\classDeeper\Release\friend.obj
U:\classDeeperCh9_Sp15\classDeeper\classDeeper\Release\funcDefaultArg.obj
U:\classDeeperCh9_Sp15\classDeeper\classDeeper\Release\IniTime.obj
U:\classDeeperCh9_Sp15\classDeeper\classDeeper\Release\memberAssign.obj
U:\classDeeperCh9_Sp15\classDeeper\classDeeper\Release\Time.obj
U:\classDeeperCh9_Sp15\classDeeper\classDeeper\Release\Time1.obj
U:\classDeeperCh9_Sp15\classDeeper\classDeeper\Release\cl.command.1.tlog
U:\classDeeperCh9_Sp15\classDeeper\classDeeper\Release\CL.read.1.tlog
U:\classDeeperCh9_Sp15\classDeeper\classDeeper\Release\CL.write.1.tlog
U:\classDeeperCh9_Sp15\classDeeper\classDeeper\Release\classDeeper.write.1.tlog
U:\classDeeperCh9_Sp15\classDeeper\classDeeper\Release\link.command.1.tlog
U:\classDeeperCh9_Sp15\classDeeper\classDeeper\Release\link.read.1.tlog
U:\classDeeperCh9_Sp15\classDeeper\classDeeper\Release\link.write.1.tlog
U:\classDeeperCh9_Sp15\classDeeper\classDeeper\Release\mt.command.1.tlog
U:\classDeeperCh9_Sp15\classDeeper\classDeeper\Release\mt.read.1.tlog
U:\classDeeperCh9_Sp15\classDeeper\classDeeper\Release\mt.write.1.tlog
U:\classDeeperCh9_Sp15\classDeeper\classDeeper\Release\classDeeper.exe.intermediate.manifest
U:\classDeeperCh9_Sp15\classDeeper\classDeeper\Release\vc100.pdb
U:\classDeeperCh9_Sp15\classDeeper\Release\classDeeper.pdb
U:\classDeeperCh9_Sp15\classDeeper\Release\classDeeper.exe
